<?xml version="1.0" encoding="UTF-8"?>
<testsuite xmlns:xsi="http://www.w3.org/2001/XMLSchema-instance" xsi:noNamespaceSchemaLocation="https://maven.apache.org/surefire/maven-surefire-plugin/xsd/surefire-test-report-3.0.xsd" version="3.0" name="com.urlshortener.domain.model.UrlMappingTest" time="0.024" tests="9" errors="0" skipped="0" failures="0">
  <properties>
[...]
</properties>
  <testcase name="should handle very long URLs" classname="com.urlshortener.domain.model.UrlMappingTest" time="0.001"/>
  <testcase name="should not be equal when properties are different" classname="com.urlshortener.domain.model.UrlMappingTest" time="0.001"/>
  <testcase name="should create UrlMapping with valid data" classname="com.urlshortener.domain.model.UrlMappingTest" time="0.001"/>
  <testcase name="should be equal when all properties are the same" classname="com.urlshortener.domain.model.UrlMappingTest" time="0.001"/>
  <testcase name="should throw exception when originalUrl is blank" classname="com.urlshortener.domain.model.UrlMappingTest" time="0.002"/>
  <testcase name="should handle URLs with special characters" classname="com.urlshortener.domain.model.UrlMappingTest" time="0.001"/>
  <testcase name="should throw exception when shortCode is blank" classname="com.urlshortener.domain.model.UrlMappingTest" time="0.004"/>
  <testcase name="should create UrlMapping with default id" classname="com.urlshortener.domain.model.UrlMappingTest" time="0.002"/>
  <testcase name="should handle short codes with special characters" classname="com.urlshortener.domain.model.UrlMappingTest" time="0.001"/>
</testsuite>